<?xml version="1.0" encoding="utf-8"?><testsuites name="pytest tests"><testsuite name="pytest" errors="0" failures="0" skipped="2" tests="76" time="50.357" timestamp="2026-09-16T16:16:07.336367+00:00" hostname="localhost"><testcase classname="" name="tests.test_sdk_interop" time="0.000"><skipped message="collection skipped">('/mnt/data/devpilot/tests/test_sdk_interop.py', 10, 'Skipped: Install .[interop] for the optional official SDK smoke test')</skipped></testcase><testcase classname="tests.test_docker_integration" name="test_actual_docker_runner_before_and_after" time="0.000"><skipped type="pytest.skip" message="Set DP_TEST_DOCKER=1 after building devpilot-runner:local">/mnt/data/devpilot/tests/test_docker_integration.py:12: Set DP_TEST_DOCKER=1 after building devpilot-runner:local</skipped></testcase><testcase classname="tests.test_models" name="test_real_adapter_sends_and_parses_openai_tool_messages" time="0.046" /><testcase classname="tests.test_models" name="test_model_does_not_surface_reasoning_fields" time="0.011" /><testcase classname="tests.test_models" name="test_malformed_or_truncated_model_response_fails[response0]" time="0.011" /><testcase classname="tests.test_models" name="test_malformed_or_truncated_model_response_fails[response1]" time="0.010" /><testcase classname="tests.test_models" name="test_malformed_or_truncated_model_response_fails[response2]" time="0.012" /><testcase classname="tests.test_models" name="test_transient_inference_retry" time="0.513" /><testcase classname="tests.test_models" name="test_auth_failure_does_not_leak_response_body" time="0.012" /><testcase classname="tests.test_protocol" name="test_lifecycle_requires_initialization" time="0.002" /><testcase classname="tests.test_protocol" name="test_invalid_jsonrpc_is_rejected[bad0]" time="0.002" /><testcase classname="tests.test_protocol" name="test_invalid_jsonrpc_is_rejected[bad1]" time="0.002" /><testcase classname="tests.test_protocol" name="test_invalid_jsonrpc_is_rejected[bad2]" time="0.002" /><testcase classname="tests.test_protocol" name="test_invalid_jsonrpc_is_rejected[bad3]" time="0.002" /><testcase classname="tests.test_protocol" name="test_unknown_method_and_invalid_arguments" time="0.002" /><testcase classname="tests.test_protocol" name="test_tools_resources_and_prompts" time="0.002" /><testcase classname="tests.test_protocol" name="test_server_checks_approval_independently" time="0.004" /><testcase classname="tests.test_protocol" name="test_real_subprocess_stdio" time="1.514" /><testcase classname="tests.test_protocol" name="test_gateway_aggregates_namespaces_and_blocks_unknown" time="6.747" /><testcase classname="tests.test_runtime_api" name="test_end_to_end_actual_mcp_fix_and_pytest" time="8.976" /><testcase classname="tests.test_runtime_api" name="test_approval_denial_means_no_edit_and_no_false_verification" time="7.114" /><testcase classname="tests.test_runtime_api" name="test_diagnose_mode_removes_edit_capability" time="8.997" /><testcase classname="tests.test_runtime_api" name="test_busy_run_cancel_and_approval_binding" time="1.668" /><testcase classname="tests.test_runtime_api" name="test_server_auth_origin_and_request_validation" time="0.142" /><testcase classname="tests.test_runtime_api" name="test_restart_marks_unfinished_runs_interrupted" time="0.022" /><testcase classname="tests.test_runtime_api" name="test_modified_fixture_cannot_enter_scripted_demo" time="0.023" /><testcase classname="tests.test_runtime_api" name="test_host_trust_and_remote_endpoint_require_explicit_configuration" time="0.007" /><testcase classname="tests.test_runtime_api" name="test_cancel_before_task_has_started" time="0.025" /><testcase classname="tests.test_runtime_api" name="test_http_run_approval_download_and_completed_sse" time="10.311" /><testcase classname="tests.test_safety" name="test_unsafe_paths[../outside]" time="0.002" /><testcase classname="tests.test_safety" name="test_unsafe_paths[/etc/passwd]" time="0.002" /><testcase classname="tests.test_safety" name="test_unsafe_paths[.git/config]" time="0.002" /><testcase classname="tests.test_safety" name="test_unsafe_paths[a/../../b]" time="0.002" /><testcase classname="tests.test_safety" name="test_unsafe_paths[a\\b]" time="0.002" /><testcase classname="tests.test_safety" name="test_unsafe_paths[]" time="0.002" /><testcase classname="tests.test_safety" name="test_unsafe_paths[a\x00b]" time="0.001" /><testcase classname="tests.test_safety" name="test_secret_paths[.env]" time="0.002" /><testcase classname="tests.test_safety" name="test_secret_paths[.env.production]" time="0.002" /><testcase classname="tests.test_safety" name="test_secret_paths[id_rsa]" time="0.002" /><testcase classname="tests.test_safety" name="test_secret_paths[key.pem]" time="0.002" /><testcase classname="tests.test_safety" name="test_secret_paths[secret.key]" time="0.002" /><testcase classname="tests.test_safety" name="test_secret_paths[credentials.json]" time="0.002" /><testcase classname="tests.test_safety" name="test_final_symlink_rejected" time="0.003" /><testcase classname="tests.test_safety" name="test_parent_symlink_rejected" time="0.002" /><testcase classname="tests.test_safety" name="test_hardlink_rejected" time="0.002" /><testcase classname="tests.test_safety" name="test_binary_and_large_files" time="0.002" /><testcase classname="tests.test_safety" name="test_replacement_is_hash_bound_and_atomic" time="0.003" /><testcase classname="tests.test_safety" name="test_replacement_must_match_once" time="0.002" /><testcase classname="tests.test_safety" name="test_cannot_edit_tests" time="0.002" /><testcase classname="tests.test_safety" name="test_snapshot_excludes_git_and_env_and_does_not_edit_source" time="0.004" /><testcase classname="tests.test_safety" name="test_capability_single_use" time="0.003" /><testcase classname="tests.test_safety" name="test_capability_boundaries[tool]" time="0.002" /><testcase classname="tests.test_safety" name="test_capability_boundaries[args]" time="0.002" /><testcase classname="tests.test_safety" name="test_capability_boundaries[snapshot]" time="0.002" /><testcase classname="tests.test_safety" name="test_capability_boundaries[secret]" time="0.002" /><testcase classname="tests.test_safety" name="test_capability_boundaries[expired]" time="0.002" /><testcase classname="tests.test_safety" name="test_redaction_preserves_structure" time="0.000" /><testcase classname="tests.test_tools" name="test_bm25_returns_provenance_and_reindexes" time="0.006" /><testcase classname="tests.test_tools" name="test_bm25_does_not_read_secrets" time="0.005" /><testcase classname="tests.test_tools" name="test_sqlite_readonly_and_row_limit" time="0.003" /><testcase classname="tests.test_tools" name="test_sql_authorizer_denies_mutations_and_dangerous_functions[DELETE FROM things]" time="0.003" /><testcase classname="tests.test_tools" name="test_sql_authorizer_denies_mutations_and_dangerous_functions[UPDATE things SET name='x']" time="0.003" /><testcase classname="tests.test_tools" name="test_sql_authorizer_denies_mutations_and_dangerous_functions[DROP TABLE things]" time="0.003" /><testcase classname="tests.test_tools" name="test_sql_authorizer_denies_mutations_and_dangerous_functions[ATTACH DATABASE '/tmp/other.db' AS other]" time="0.003" /><testcase classname="tests.test_tools" name="test_sql_authorizer_denies_mutations_and_dangerous_functions[PRAGMA user_version=10]" time="0.003" /><testcase classname="tests.test_tools" name="test_sql_authorizer_denies_mutations_and_dangerous_functions[SELECT load_extension('anything')]" time="0.003" /><testcase classname="tests.test_tools" name="test_sql_authorizer_denies_mutations_and_dangerous_functions[SELECT randomblob(1000000000)]" time="0.003" /><testcase classname="tests.test_tools" name="test_cte_select_is_supported" time="0.003" /><testcase classname="tests.test_tools" name="test_disabled_runner_is_not_silently_enabled" time="0.002" /><testcase classname="tests.test_tools" name="test_docker_command_has_expected_restrictions" time="0.002" /><testcase classname="tests.test_tools" name="test_process_timeout_and_output_budget" time="1.577" /><testcase classname="tests.test_tools" name="test_git_patch_is_real_and_preserves_source_text" time="0.022" /><testcase classname="tests.test_tools" name="test_docker_observation_disabled" time="0.002" /><testcase classname="tests.test_tools" name="test_docker_inspection_filters_environment_and_label" time="0.002" /><testcase classname="tests.test_tools" name="test_docker_json_is_parsed_before_redaction" time="0.002" /><testcase classname="tests.test_tools" name="test_snapshot_tracks_sanitized_files_even_if_source_gitignore_hides_them" time="0.022" /></testsuite></testsuites>