<?xml version="1.0" encoding="utf-8"?><testsuites name="pytest tests"><testsuite name="pytest" errors="0" failures="0" skipped="2" tests="107" time="77.858" timestamp="2026-09-16T17:40:21.424734+00:00" hostname="localhost"><testcase classname="" name="tests.test_sdk_interop" time="0.000"><skipped message="collection skipped">('/mnt/data/devpilot-devops-build/devpilot/tests/test_sdk_interop.py', 10, 'Skipped: Install .[interop] for the optional official SDK smoke test')</skipped></testcase><testcase classname="tests.test_backup" name="test_offline_backup_roundtrip_excludes_credentials" time="0.090" /><testcase classname="tests.test_backup" name="test_backup_refuses_live_instance_or_overwrite" time="0.016" /><testcase classname="tests.test_backup" name="test_restore_rejects_path_traversal_before_writing" time="0.003" /><testcase classname="tests.test_delivery_config" name="test_configs_parse_and_pass_policy_intent" time="2.574" /><testcase classname="tests.test_delivery_config" name="test_helm_values_reject_horizontal_scaling" time="0.048" /><testcase classname="tests.test_delivery_config" name="test_promotion_validates_immutable_digest_and_repository" time="0.002" /><testcase classname="tests.test_delivery_config" name="test_packager_excludes_credentials_state_and_plans" time="0.002" /><testcase classname="tests.test_delivery_config" name="test_smoke_script_uses_real_api_approval_contract" time="0.001" /><testcase classname="tests.test_devops_api" name="test_health_readiness_and_separate_metrics_credentials" time="0.159" /><testcase classname="tests.test_devops_api" name="test_metrics_disabled_without_token" time="0.043" /><testcase classname="tests.test_devops_api" name="test_drain_pauses_new_runs_not_reads_and_resume" time="0.069" /><testcase classname="tests.test_devops_api" name="test_explicit_ingress_host_and_external_origin" time="0.043" /><testcase classname="tests.test_devops_api" name="test_singleton_lease_blocks_second_instance" time="0.003" /><testcase classname="tests.test_devops_api" name="test_token_files_and_config_constraints" time="0.028" /><testcase classname="tests.test_devops_api" name="test_metric_labels_bound_tool_names_and_preserve_missing_usage" time="0.002" /><testcase classname="tests.test_devops_api" name="test_operational_logging_does_not_serialize_arbitrary_extras" time="0.001" /><testcase classname="tests.test_devops_api" name="test_unmatched_routes_are_not_high_cardinality" time="0.046" /><testcase classname="tests.test_devops_api" name="test_downward_api_host_is_validated" time="0.010" /><testcase classname="tests.test_docker_integration" name="test_actual_docker_runner_before_and_after" time="0.000"><skipped type="pytest.skip" message="Set DP_TEST_DOCKER=1 after building devpilot-runner:local">/mnt/data/devpilot-devops-build/devpilot/tests/test_docker_integration.py:12: Set DP_TEST_DOCKER=1 after building devpilot-runner:local</skipped></testcase><testcase classname="tests.test_kubernetes_runner" name="test_snapshot_only_contains_sanitized_files" time="0.005" /><testcase classname="tests.test_kubernetes_runner" name="test_job_has_no_credentials_network_mounts_or_model_chosen_command" time="0.002" /><testcase classname="tests.test_kubernetes_runner" name="test_kubernetes_api_lifecycle_logs_exitcode_and_cleanup[0]" time="0.008" /><testcase classname="tests.test_kubernetes_runner" name="test_kubernetes_api_lifecycle_logs_exitcode_and_cleanup[1]" time="0.009" /><testcase classname="tests.test_kubernetes_runner" name="test_kubernetes_api_lifecycle_logs_exitcode_and_cleanup[137]" time="0.058" /><testcase classname="tests.test_kubernetes_runner" name="test_failed_create_does_not_delete_someone_elses_job" time="0.021" /><testcase classname="tests.test_kubernetes_runner" name="test_archive_limit" time="0.004" /><testcase classname="tests.test_kubernetes_runner" name="test_job_extractor_rejects_paths_and_links[../escape-0]" time="0.006" /><testcase classname="tests.test_kubernetes_runner" name="test_job_extractor_rejects_paths_and_links[/absolute-0]" time="0.005" /><testcase classname="tests.test_kubernetes_runner" name="test_job_extractor_rejects_paths_and_links[link-2]" time="0.003" /><testcase classname="tests.test_kubernetes_runner" name="test_job_extractor_roundtrip" time="0.004" /><testcase classname="tests.test_models" name="test_real_adapter_sends_and_parses_openai_tool_messages" time="0.049" /><testcase classname="tests.test_models" name="test_model_does_not_surface_reasoning_fields" time="0.023" /><testcase classname="tests.test_models" name="test_malformed_or_truncated_model_response_fails[response0]" time="0.022" /><testcase classname="tests.test_models" name="test_malformed_or_truncated_model_response_fails[response1]" time="0.023" /><testcase classname="tests.test_models" name="test_malformed_or_truncated_model_response_fails[response2]" time="0.021" /><testcase classname="tests.test_models" name="test_transient_inference_retry" time="0.531" /><testcase classname="tests.test_models" name="test_auth_failure_does_not_leak_response_body" time="0.019" /><testcase classname="tests.test_otlp_export" name="test_otlp_http_exports_only_reviewed_metadata_and_no_exception_text" time="0.760" /><testcase classname="tests.test_otlp_export" name="test_credentials_must_be_distinct" time="0.012" /><testcase classname="tests.test_protocol" name="test_lifecycle_requires_initialization" time="0.005" /><testcase classname="tests.test_protocol" name="test_invalid_jsonrpc_is_rejected[bad0]" time="0.005" /><testcase classname="tests.test_protocol" name="test_invalid_jsonrpc_is_rejected[bad1]" time="0.005" /><testcase classname="tests.test_protocol" name="test_invalid_jsonrpc_is_rejected[bad2]" time="0.004" /><testcase classname="tests.test_protocol" name="test_invalid_jsonrpc_is_rejected[bad3]" time="0.006" /><testcase classname="tests.test_protocol" name="test_unknown_method_and_invalid_arguments" time="0.004" /><testcase classname="tests.test_protocol" name="test_tools_resources_and_prompts" time="0.004" /><testcase classname="tests.test_protocol" name="test_server_checks_approval_independently" time="0.013" /><testcase classname="tests.test_protocol" name="test_real_subprocess_stdio" time="2.671" /><testcase classname="tests.test_protocol" name="test_gateway_aggregates_namespaces_and_blocks_unknown" time="15.419" /><testcase classname="tests.test_runtime_api" name="test_end_to_end_actual_mcp_fix_and_pytest" time="12.627" /><testcase classname="tests.test_runtime_api" name="test_approval_denial_means_no_edit_and_no_false_verification" time="9.239" /><testcase classname="tests.test_runtime_api" name="test_diagnose_mode_removes_edit_capability" time="10.704" /><testcase classname="tests.test_runtime_api" name="test_busy_run_cancel_and_approval_binding" time="2.125" /><testcase classname="tests.test_runtime_api" name="test_server_auth_origin_and_request_validation" time="0.065" /><testcase classname="tests.test_runtime_api" name="test_restart_marks_unfinished_runs_interrupted" time="0.026" /><testcase classname="tests.test_runtime_api" name="test_modified_fixture_cannot_enter_scripted_demo" time="0.024" /><testcase classname="tests.test_runtime_api" name="test_host_trust_and_remote_endpoint_require_explicit_configuration" time="0.008" /><testcase classname="tests.test_runtime_api" name="test_cancel_before_task_has_started" time="0.027" /><testcase classname="tests.test_runtime_api" name="test_http_run_approval_download_and_completed_sse" time="11.817" /><testcase classname="tests.test_safety" name="test_unsafe_paths[../outside]" time="0.002" /><testcase classname="tests.test_safety" name="test_unsafe_paths[/etc/passwd]" time="0.002" /><testcase classname="tests.test_safety" name="test_unsafe_paths[.git/config]" time="0.002" /><testcase classname="tests.test_safety" name="test_unsafe_paths[a/../../b]" time="0.001" /><testcase classname="tests.test_safety" name="test_unsafe_paths[a\\b]" time="0.002" /><testcase classname="tests.test_safety" name="test_unsafe_paths[]" time="0.001" /><testcase classname="tests.test_safety" name="test_unsafe_paths[a\x00b]" time="0.001" /><testcase classname="tests.test_safety" name="test_secret_paths[.env]" time="0.002" /><testcase classname="tests.test_safety" name="test_secret_paths[.env.production]" time="0.002" /><testcase classname="tests.test_safety" name="test_secret_paths[id_rsa]" time="0.002" /><testcase classname="tests.test_safety" name="test_secret_paths[key.pem]" time="0.002" /><testcase classname="tests.test_safety" name="test_secret_paths[secret.key]" time="0.003" /><testcase classname="tests.test_safety" name="test_secret_paths[credentials.json]" time="0.003" /><testcase classname="tests.test_safety" name="test_final_symlink_rejected" time="0.003" /><testcase classname="tests.test_safety" name="test_parent_symlink_rejected" time="0.002" /><testcase classname="tests.test_safety" name="test_hardlink_rejected" time="0.002" /><testcase classname="tests.test_safety" name="test_binary_and_large_files" time="0.003" /><testcase classname="tests.test_safety" name="test_replacement_is_hash_bound_and_atomic" time="0.003" /><testcase classname="tests.test_safety" name="test_replacement_must_match_once" time="0.002" /><testcase classname="tests.test_safety" name="test_cannot_edit_tests" time="0.002" /><testcase classname="tests.test_safety" name="test_snapshot_excludes_git_and_env_and_does_not_edit_source" time="0.004" /><testcase classname="tests.test_safety" name="test_capability_single_use" time="0.003" /><testcase classname="tests.test_safety" name="test_capability_boundaries[tool]" time="0.002" /><testcase classname="tests.test_safety" name="test_capability_boundaries[args]" time="0.002" /><testcase classname="tests.test_safety" name="test_capability_boundaries[snapshot]" time="0.002" /><testcase classname="tests.test_safety" name="test_capability_boundaries[secret]" time="0.002" /><testcase classname="tests.test_safety" name="test_capability_boundaries[expired]" time="0.002" /><testcase classname="tests.test_safety" name="test_redaction_preserves_structure" time="0.001" /><testcase classname="tests.test_tools" name="test_bm25_returns_provenance_and_reindexes" time="0.005" /><testcase classname="tests.test_tools" name="test_bm25_does_not_read_secrets" time="0.003" /><testcase classname="tests.test_tools" name="test_sqlite_readonly_and_row_limit" time="0.004" /><testcase classname="tests.test_tools" name="test_sql_authorizer_denies_mutations_and_dangerous_functions[DELETE FROM things]" time="0.004" /><testcase classname="tests.test_tools" name="test_sql_authorizer_denies_mutations_and_dangerous_functions[UPDATE things SET name='x']" time="0.003" /><testcase classname="tests.test_tools" name="test_sql_authorizer_denies_mutations_and_dangerous_functions[DROP TABLE things]" time="0.004" /><testcase classname="tests.test_tools" name="test_sql_authorizer_denies_mutations_and_dangerous_functions[ATTACH DATABASE '/tmp/other.db' AS other]" time="0.004" /><testcase classname="tests.test_tools" name="test_sql_authorizer_denies_mutations_and_dangerous_functions[PRAGMA user_version=10]" time="0.004" /><testcase classname="tests.test_tools" name="test_sql_authorizer_denies_mutations_and_dangerous_functions[SELECT load_extension('anything')]" time="0.004" /><testcase classname="tests.test_tools" name="test_sql_authorizer_denies_mutations_and_dangerous_functions[SELECT randomblob(1000000000)]" time="0.004" /><testcase classname="tests.test_tools" name="test_cte_select_is_supported" time="0.003" /><testcase classname="tests.test_tools" name="test_disabled_runner_is_not_silently_enabled" time="0.002" /><testcase classname="tests.test_tools" name="test_docker_command_has_expected_restrictions" time="0.002" /><testcase classname="tests.test_tools" name="test_process_timeout_and_output_budget" time="1.731" /><testcase classname="tests.test_tools" name="test_git_patch_is_real_and_preserves_source_text" time="0.024" /><testcase classname="tests.test_tools" name="test_docker_observation_disabled" time="0.002" /><testcase classname="tests.test_tools" name="test_docker_inspection_filters_environment_and_label" time="0.003" /><testcase classname="tests.test_tools" name="test_docker_json_is_parsed_before_redaction" time="0.002" /><testcase classname="tests.test_tools" name="test_snapshot_tracks_sanitized_files_even_if_source_gitignore_hides_them" time="0.056" /></testsuite></testsuites>